The system is: MSYS - 2.11.2(0.329/5/3) - x86_64
Compiling the C compiler identification source file "CMakeCCompilerId.c" succeeded.
Compiler: /usr/bin/cc.exe 
Build flags: 
Id flags:  

The output was:
0


Compilation of the C compiler identification source "CMakeCCompilerId.c" produced "a.exe"

The C compiler identification is GNU, found in "/d/repositary/MomentPlus/CMakeFiles/3.13.2/CompilerIdC/a.exe"

Compiling the CXX compiler identification source file "CMakeCXXCompilerId.cpp" succeeded.
Compiler: /usr/bin/c++.exe 
Build flags: 
Id flags:  

The output was:
0


Compilation of the CXX compiler identification source "CMakeCXXCompilerId.cpp" produced "a.exe"

The CXX compiler identification is GNU, found in "/d/repositary/MomentPlus/CMakeFiles/3.13.2/CompilerIdCXX/a.exe"

Determining if the C compiler works passed with the following output:
Change Dir: /d/repositary/MomentPlus/CMakeFiles/CMakeTmp

Run Build Command:"/usr/bin/make.exe" "cmTC_541da/fast"
/usr/bin/make -f CMakeFiles/cmTC_541da.dir/build.make CMakeFiles/cmTC_541da.dir/build
make[1]: 进入目录“/d/repositary/MomentPlus/CMakeFiles/CMakeTmp”
Building C object CMakeFiles/cmTC_541da.dir/testCCompiler.c.o
/usr/bin/cc.exe    -o CMakeFiles/cmTC_541da.dir/testCCompiler.c.o   -c /d/repositary/MomentPlus/CMakeFiles/CMakeTmp/testCCompiler.c
Linking C executable cmTC_541da.exe
/usr/bin/cmake.exe -E cmake_link_script CMakeFiles/cmTC_541da.dir/link.txt --verbose=1
/usr/bin/cc.exe    -Wl,--enable-auto-import  CMakeFiles/cmTC_541da.dir/testCCompiler.c.o  -o cmTC_541da.exe -Wl,--out-implib,libcmTC_541da.dll.a -Wl,--major-image-version,0,--minor-image-version,0 
make[1]: 离开目录“/d/repositary/MomentPlus/CMakeFiles/CMakeTmp”


Detecting C compiler ABI info compiled with the following output:
Change Dir: /d/repositary/MomentPlus/CMakeFiles/CMakeTmp

Run Build Command:"/usr/bin/make.exe" "cmTC_8d927/fast"
/usr/bin/make -f CMakeFiles/cmTC_8d927.dir/build.make CMakeFiles/cmTC_8d927.dir/build
make[1]: 进入目录“/d/repositary/MomentPlus/CMakeFiles/CMakeTmp”
Building C object CMakeFiles/cmTC_8d927.dir/CMakeCCompilerABI.c.o
/usr/bin/cc.exe    -o CMakeFiles/cmTC_8d927.dir/CMakeCCompilerABI.c.o   -c /usr/share/cmake-3.13.2/Modules/CMakeCCompilerABI.c
Linking C executable cmTC_8d927.exe
/usr/bin/cmake.exe -E cmake_link_script CMakeFiles/cmTC_8d927.dir/link.txt --verbose=1
/usr/bin/cc.exe    -Wl,--enable-auto-import -v CMakeFiles/cmTC_8d927.dir/CMakeCCompilerABI.c.o  -o cmTC_8d927.exe -Wl,--out-implib,libcmTC_8d927.dll.a -Wl,--major-image-version,0,--minor-image-version,0 
使用内建 specs。
COLLECT_GCC=/usr/bin/cc
COLLECT_LTO_WRAPPER=/usr/lib/gcc/x86_64-pc-msys/7.3.0/lto-wrapper.exe
目标：x86_64-pc-msys
配置为：/msys_scripts/gcc/src/gcc-7.3.0/configure --build=x86_64-pc-msys --prefix=/usr --libexecdir=/usr/lib --enable-bootstrap --enable-shared --enable-shared-libgcc --enable-static --enable-version-specific-runtime-libs --with-arch=x86-64 --with-tune=generic --disable-multilib --enable-__cxa_atexit --with-dwarf2 --enable-languages=c,c++,fortran,lto --enable-graphite --enable-threads=posix --enable-libatomic --enable-libcilkrts --enable-libgomp --enable-libitm --enable-libquadmath --enable-libquadmath-support --disable-libssp --disable-win32-registry --disable-symvers --with-gnu-ld --with-gnu-as --disable-isl-version-check --enable-checking=release --without-libiconv-prefix --without-libintl-prefix --with-system-zlib --enable-linker-build-id --with-default-libstdcxx-abi=gcc4-compatible
线程模型：posix
gcc 版本 7.3.0 (GCC) 
COMPILER_PATH=/usr/lib/gcc/x86_64-pc-msys/7.3.0/:/usr/lib/gcc/x86_64-pc-msys/7.3.0/:/usr/lib/gcc/x86_64-pc-msys/:/usr/lib/gcc/x86_64-pc-msys/7.3.0/:/usr/lib/gcc/x86_64-pc-msys/:/usr/lib/gcc/x86_64-pc-msys/7.3.0/../../../../x86_64-pc-msys/bin/
LIBRARY_PATH=/usr/lib/gcc/x86_64-pc-msys/7.3.0/:/usr/lib/gcc/x86_64-pc-msys/7.3.0/../../../../x86_64-pc-msys/lib/../lib/:/usr/lib/../lib/:/usr/lib/gcc/x86_64-pc-msys/7.3.0/../../../../x86_64-pc-msys/lib/:/usr/lib/:/usr/lib/w32api/
COLLECT_GCC_OPTIONS='-v' '-o' 'cmTC_8d927.exe' '-mtune=generic' '-march=x86-64'
 /usr/lib/gcc/x86_64-pc-msys/7.3.0/collect2.exe -plugin /usr/lib/gcc/x86_64-pc-msys/7.3.0/msys-lto_plugin.dll -plugin-opt=/usr/lib/gcc/x86_64-pc-msys/7.3.0/lto-wrapper.exe -plugin-opt=-fresolution=/tmp/ccg0kaHX.res -plugin-opt=-pass-through=-lgcc_s -plugin-opt=-pass-through=-lgcc -plugin-opt=-pass-through=-lmsys-2.0 -plugin-opt=-pass-through=-ladvapi32 -plugin-opt=-pass-through=-lshell32 -plugin-opt=-pass-through=-luser32 -plugin-opt=-pass-through=-lkernel32 -plugin-opt=-pass-through=-lgcc_s -plugin-opt=-pass-through=-lgcc --build-id -m i386pep --wrap _Znwm --wrap _Znam --wrap _ZdlPv --wrap _ZdaPv --wrap _ZnwmRKSt9nothrow_t --wrap _ZnamRKSt9nothrow_t --wrap _ZdlPvRKSt9nothrow_t --wrap _ZdaPvRKSt9nothrow_t -Bdynamic --dll-search-prefix=msys- --tsaware -o cmTC_8d927.exe /usr/lib/../lib/crt0.o /usr/lib/gcc/x86_64-pc-msys/7.3.0/crtbegin.o -L/usr/lib/gcc/x86_64-pc-msys/7.3.0 -L/usr/lib/gcc/x86_64-pc-msys/7.3.0/../../../../x86_64-pc-msys/lib/../lib -L/usr/lib/../lib -L/usr/lib/gcc/x86_64-pc-msys/7.3.0/../../../../x86_64-pc-msys/lib -L/usr/lib/w32api --enable-auto-import CMakeFiles/cmTC_8d927.dir/CMakeCCompilerABI.c.o --out-implib libcmTC_8d927.dll.a --major-image-version 0 --minor-image-version 0 -lgcc_s --undefined=___deregister_frame_info --undefined=___register_frame_info -lgcc -lmsys-2.0 -ladvapi32 -lshell32 -luser32 -lkernel32 -lgcc_s --undefined=___deregister_frame_info --undefined=___register_frame_info -lgcc /usr/lib/../lib/default-manifest.o /usr/lib/gcc/x86_64-pc-msys/7.3.0/crtend.o
COLLECT_GCC_OPTIONS='-v' '-o' 'cmTC_8d927.exe' '-mtune=generic' '-march=x86-64'
make[1]: 离开目录“/d/repositary/MomentPlus/CMakeFiles/CMakeTmp”


Parsed C implicit link information from above output:
  link line regex: [^( *|.*[/\])(ld\.exe|CMAKE_LINK_STARTFILE-NOTFOUND|([^/\]+-)?ld|collect2)[^/\]*( |$)]
  ignore line: [Change Dir: /d/repositary/MomentPlus/CMakeFiles/CMakeTmp]
  ignore line: []
  ignore line: [Run Build Command:"/usr/bin/make.exe" "cmTC_8d927/fast"]
  ignore line: [/usr/bin/make -f CMakeFiles/cmTC_8d927.dir/build.make CMakeFiles/cmTC_8d927.dir/build]
  ignore line: [make[1]: 进入目录“/d/repositary/MomentPlus/CMakeFiles/CMakeTmp”]
  ignore line: [Building C object CMakeFiles/cmTC_8d927.dir/CMakeCCompilerABI.c.o]
  ignore line: [/usr/bin/cc.exe    -o CMakeFiles/cmTC_8d927.dir/CMakeCCompilerABI.c.o   -c /usr/share/cmake-3.13.2/Modules/CMakeCCompilerABI.c]
  ignore line: [Linking C executable cmTC_8d927.exe]
  ignore line: [/usr/bin/cmake.exe -E cmake_link_script CMakeFiles/cmTC_8d927.dir/link.txt --verbose=1]
  ignore line: [/usr/bin/cc.exe    -Wl,--enable-auto-import -v CMakeFiles/cmTC_8d927.dir/CMakeCCompilerABI.c.o  -o cmTC_8d927.exe -Wl,--out-implib,libcmTC_8d927.dll.a -Wl,--major-image-version,0,--minor-image-version,0 ]
  ignore line: [使用内建 specs。]
  ignore line: [COLLECT_GCC=/usr/bin/cc]
  ignore line: [COLLECT_LTO_WRAPPER=/usr/lib/gcc/x86_64-pc-msys/7.3.0/lto-wrapper.exe]
  ignore line: [目标：x86_64-pc-msys]
  ignore line: [配置为：/msys_scripts/gcc/src/gcc-7.3.0/configure --build=x86_64-pc-msys --prefix=/usr --libexecdir=/usr/lib --enable-bootstrap --enable-shared --enable-shared-libgcc --enable-static --enable-version-specific-runtime-libs --with-arch=x86-64 --with-tune=generic --disable-multilib --enable-__cxa_atexit --with-dwarf2 --enable-languages=c,c++,fortran,lto --enable-graphite --enable-threads=posix --enable-libatomic --enable-libcilkrts --enable-libgomp --enable-libitm --enable-libquadmath --enable-libquadmath-support --disable-libssp --disable-win32-registry --disable-symvers --with-gnu-ld --with-gnu-as --disable-isl-version-check --enable-checking=release --without-libiconv-prefix --without-libintl-prefix --with-system-zlib --enable-linker-build-id --with-default-libstdcxx-abi=gcc4-compatible]
  ignore line: [线程模型：posix]
  ignore line: [gcc 版本 7.3.0 (GCC) ]
  ignore line: [COMPILER_PATH=/usr/lib/gcc/x86_64-pc-msys/7.3.0/:/usr/lib/gcc/x86_64-pc-msys/7.3.0/:/usr/lib/gcc/x86_64-pc-msys/:/usr/lib/gcc/x86_64-pc-msys/7.3.0/:/usr/lib/gcc/x86_64-pc-msys/:/usr/lib/gcc/x86_64-pc-msys/7.3.0/../../../../x86_64-pc-msys/bin/]
  ignore line: [LIBRARY_PATH=/usr/lib/gcc/x86_64-pc-msys/7.3.0/:/usr/lib/gcc/x86_64-pc-msys/7.3.0/../../../../x86_64-pc-msys/lib/../lib/:/usr/lib/../lib/:/usr/lib/gcc/x86_64-pc-msys/7.3.0/../../../../x86_64-pc-msys/lib/:/usr/lib/:/usr/lib/w32api/]
  ignore line: [COLLECT_GCC_OPTIONS='-v' '-o' 'cmTC_8d927.exe' '-mtune=generic' '-march=x86-64']
  link line: [ /usr/lib/gcc/x86_64-pc-msys/7.3.0/collect2.exe -plugin /usr/lib/gcc/x86_64-pc-msys/7.3.0/msys-lto_plugin.dll -plugin-opt=/usr/lib/gcc/x86_64-pc-msys/7.3.0/lto-wrapper.exe -plugin-opt=-fresolution=/tmp/ccg0kaHX.res -plugin-opt=-pass-through=-lgcc_s -plugin-opt=-pass-through=-lgcc -plugin-opt=-pass-through=-lmsys-2.0 -plugin-opt=-pass-through=-ladvapi32 -plugin-opt=-pass-through=-lshell32 -plugin-opt=-pass-through=-luser32 -plugin-opt=-pass-through=-lkernel32 -plugin-opt=-pass-through=-lgcc_s -plugin-opt=-pass-through=-lgcc --build-id -m i386pep --wrap _Znwm --wrap _Znam --wrap _ZdlPv --wrap _ZdaPv --wrap _ZnwmRKSt9nothrow_t --wrap _ZnamRKSt9nothrow_t --wrap _ZdlPvRKSt9nothrow_t --wrap _ZdaPvRKSt9nothrow_t -Bdynamic --dll-search-prefix=msys- --tsaware -o cmTC_8d927.exe /usr/lib/../lib/crt0.o /usr/lib/gcc/x86_64-pc-msys/7.3.0/crtbegin.o -L/usr/lib/gcc/x86_64-pc-msys/7.3.0 -L/usr/lib/gcc/x86_64-pc-msys/7.3.0/../../../../x86_64-pc-msys/lib/../lib -L/usr/lib/../lib -L/usr/lib/gcc/x86_64-pc-msys/7.3.0/../../../../x86_64-pc-msys/lib -L/usr/lib/w32api --enable-auto-import CMakeFiles/cmTC_8d927.dir/CMakeCCompilerABI.c.o --out-implib libcmTC_8d927.dll.a --major-image-version 0 --minor-image-version 0 -lgcc_s --undefined=___deregister_frame_info --undefined=___register_frame_info -lgcc -lmsys-2.0 -ladvapi32 -lshell32 -luser32 -lkernel32 -lgcc_s --undefined=___deregister_frame_info --undefined=___register_frame_info -lgcc /usr/lib/../lib/default-manifest.o /usr/lib/gcc/x86_64-pc-msys/7.3.0/crtend.o]
    arg [/usr/lib/gcc/x86_64-pc-msys/7.3.0/collect2.exe] ==> ignore
    arg [-plugin] ==> ignore
    arg [/usr/lib/gcc/x86_64-pc-msys/7.3.0/msys-lto_plugin.dll] ==> ignore
    arg [-plugin-opt=/usr/lib/gcc/x86_64-pc-msys/7.3.0/lto-wrapper.exe] ==> ignore
    arg [-plugin-opt=-fresolution=/tmp/ccg0kaHX.res] ==> ignore
    arg [-plugin-opt=-pass-through=-lgcc_s] ==> ignore
    arg [-plugin-opt=-pass-through=-lgcc] ==> ignore
    arg [-plugin-opt=-pass-through=-lmsys-2.0] ==> ignore
    arg [-plugin-opt=-pass-through=-ladvapi32] ==> ignore
    arg [-plugin-opt=-pass-through=-lshell32] ==> ignore
    arg [-plugin-opt=-pass-through=-luser32] ==> ignore
    arg [-plugin-opt=-pass-through=-lkernel32] ==> ignore
    arg [-plugin-opt=-pass-through=-lgcc_s] ==> ignore
    arg [-plugin-opt=-pass-through=-lgcc] ==> ignore
    arg [--build-id] ==> ignore
    arg [-m] ==> ignore
    arg [i386pep] ==> ignore
    arg [--wrap] ==> ignore
    arg [_Znwm] ==> ignore
    arg [--wrap] ==> ignore
    arg [_Znam] ==> ignore
    arg [--wrap] ==> ignore
    arg [_ZdlPv] ==> ignore
    arg [--wrap] ==> ignore
    arg [_ZdaPv] ==> ignore
    arg [--wrap] ==> ignore
    arg [_ZnwmRKSt9nothrow_t] ==> ignore
    arg [--wrap] ==> ignore
    arg [_ZnamRKSt9nothrow_t] ==> ignore
    arg [--wrap] ==> ignore
    arg [_ZdlPvRKSt9nothrow_t] ==> ignore
    arg [--wrap] ==> ignore
    arg [_ZdaPvRKSt9nothrow_t] ==> ignore
    arg [-Bdynamic] ==> ignore
    arg [--dll-search-prefix=msys-] ==> ignore
    arg [--tsaware] ==> ignore
    arg [-o] ==> ignore
    arg [cmTC_8d927.exe] ==> ignore
    arg [/usr/lib/../lib/crt0.o] ==> ignore
    arg [/usr/lib/gcc/x86_64-pc-msys/7.3.0/crtbegin.o] ==> ignore
    arg [-L/usr/lib/gcc/x86_64-pc-msys/7.3.0] ==> dir [/usr/lib/gcc/x86_64-pc-msys/7.3.0]
    arg [-L/usr/lib/gcc/x86_64-pc-msys/7.3.0/../../../../x86_64-pc-msys/lib/../lib] ==> dir [/usr/lib/gcc/x86_64-pc-msys/7.3.0/../../../../x86_64-pc-msys/lib/../lib]
    arg [-L/usr/lib/../lib] ==> dir [/usr/lib/../lib]
    arg [-L/usr/lib/gcc/x86_64-pc-msys/7.3.0/../../../../x86_64-pc-msys/lib] ==> dir [/usr/lib/gcc/x86_64-pc-msys/7.3.0/../../../../x86_64-pc-msys/lib]
    arg [-L/usr/lib/w32api] ==> dir [/usr/lib/w32api]
    arg [--enable-auto-import] ==> ignore
    arg [CMakeFiles/cmTC_8d927.dir/CMakeCCompilerABI.c.o] ==> ignore
    arg [--out-implib] ==> ignore
    arg [libcmTC_8d927.dll.a] ==> ignore
    arg [--major-image-version] ==> ignore
    arg [0] ==> ignore
    arg [--minor-image-version] ==> ignore
    arg [0] ==> ignore
    arg [-lgcc_s] ==> lib [gcc_s]
    arg [--undefined=___deregister_frame_info] ==> ignore
    arg [--undefined=___register_frame_info] ==> ignore
    arg [-lgcc] ==> lib [gcc]
    arg [-lmsys-2.0] ==> lib [msys-2.0]
    arg [-ladvapi32] ==> lib [advapi32]
    arg [-lshell32] ==> lib [shell32]
    arg [-luser32] ==> lib [user32]
    arg [-lkernel32] ==> lib [kernel32]
    arg [-lgcc_s] ==> lib [gcc_s]
    arg [--undefined=___deregister_frame_info] ==> ignore
    arg [--undefined=___register_frame_info] ==> ignore
    arg [-lgcc] ==> lib [gcc]
    arg [/usr/lib/../lib/default-manifest.o] ==> ignore
    arg [/usr/lib/gcc/x86_64-pc-msys/7.3.0/crtend.o] ==> ignore
  collapse library dir [/usr/lib/gcc/x86_64-pc-msys/7.3.0] ==> [/usr/lib/gcc/x86_64-pc-msys/7.3.0]
  collapse library dir [/usr/lib/gcc/x86_64-pc-msys/7.3.0/../../../../x86_64-pc-msys/lib/../lib] ==> [/usr/x86_64-pc-msys/lib]
  collapse library dir [/usr/lib/../lib] ==> [/usr/lib]
  collapse library dir [/usr/lib/gcc/x86_64-pc-msys/7.3.0/../../../../x86_64-pc-msys/lib] ==> [/usr/x86_64-pc-msys/lib]
  collapse library dir [/usr/lib/w32api] ==> [/usr/lib/w32api]
  implicit libs: [gcc_s;gcc;msys-2.0;advapi32;shell32;user32;kernel32;gcc_s;gcc]
  implicit dirs: [/usr/lib/gcc/x86_64-pc-msys/7.3.0;/usr/x86_64-pc-msys/lib;/usr/lib;/usr/lib/w32api]
  implicit fwks: []




Detecting C [-std=c11] compiler features compiled with the following output:
Change Dir: /d/repositary/MomentPlus/CMakeFiles/CMakeTmp

Run Build Command:"/usr/bin/make.exe" "cmTC_d6825/fast"
/usr/bin/make -f CMakeFiles/cmTC_d6825.dir/build.make CMakeFiles/cmTC_d6825.dir/build
make[1]: 进入目录“/d/repositary/MomentPlus/CMakeFiles/CMakeTmp”
Building C object CMakeFiles/cmTC_d6825.dir/feature_tests.c.o
/usr/bin/cc.exe   -std=c11 -o CMakeFiles/cmTC_d6825.dir/feature_tests.c.o   -c /d/repositary/MomentPlus/CMakeFiles/feature_tests.c
Linking C executable cmTC_d6825.exe
/usr/bin/cmake.exe -E cmake_link_script CMakeFiles/cmTC_d6825.dir/link.txt --verbose=1
/usr/bin/cc.exe    -Wl,--enable-auto-import  CMakeFiles/cmTC_d6825.dir/feature_tests.c.o  -o cmTC_d6825.exe -Wl,--out-implib,libcmTC_d6825.dll.a -Wl,--major-image-version,0,--minor-image-version,0 
make[1]: 离开目录“/d/repositary/MomentPlus/CMakeFiles/CMakeTmp”


    Feature record: C_FEATURE:1c_function_prototypes
    Feature record: C_FEATURE:1c_restrict
    Feature record: C_FEATURE:1c_static_assert
    Feature record: C_FEATURE:1c_variadic_macros


Detecting C [-std=c99] compiler features compiled with the following output:
Change Dir: /d/repositary/MomentPlus/CMakeFiles/CMakeTmp

Run Build Command:"/usr/bin/make.exe" "cmTC_48420/fast"
/usr/bin/make -f CMakeFiles/cmTC_48420.dir/build.make CMakeFiles/cmTC_48420.dir/build
make[1]: 进入目录“/d/repositary/MomentPlus/CMakeFiles/CMakeTmp”
Building C object CMakeFiles/cmTC_48420.dir/feature_tests.c.o
/usr/bin/cc.exe   -std=c99 -o CMakeFiles/cmTC_48420.dir/feature_tests.c.o   -c /d/repositary/MomentPlus/CMakeFiles/feature_tests.c
Linking C executable cmTC_48420.exe
/usr/bin/cmake.exe -E cmake_link_script CMakeFiles/cmTC_48420.dir/link.txt --verbose=1
/usr/bin/cc.exe    -Wl,--enable-auto-import  CMakeFiles/cmTC_48420.dir/feature_tests.c.o  -o cmTC_48420.exe -Wl,--out-implib,libcmTC_48420.dll.a -Wl,--major-image-version,0,--minor-image-version,0 
make[1]: 离开目录“/d/repositary/MomentPlus/CMakeFiles/CMakeTmp”


    Feature record: C_FEATURE:1c_function_prototypes
    Feature record: C_FEATURE:1c_restrict
    Feature record: C_FEATURE:0c_static_assert
    Feature record: C_FEATURE:1c_variadic_macros


Detecting C [-std=c90] compiler features compiled with the following output:
Change Dir: /d/repositary/MomentPlus/CMakeFiles/CMakeTmp

Run Build Command:"/usr/bin/make.exe" "cmTC_4a4f6/fast"
/usr/bin/make -f CMakeFiles/cmTC_4a4f6.dir/build.make CMakeFiles/cmTC_4a4f6.dir/build
make[1]: 进入目录“/d/repositary/MomentPlus/CMakeFiles/CMakeTmp”
Building C object CMakeFiles/cmTC_4a4f6.dir/feature_tests.c.o
/usr/bin/cc.exe   -std=c90 -o CMakeFiles/cmTC_4a4f6.dir/feature_tests.c.o   -c /d/repositary/MomentPlus/CMakeFiles/feature_tests.c
Linking C executable cmTC_4a4f6.exe
/usr/bin/cmake.exe -E cmake_link_script CMakeFiles/cmTC_4a4f6.dir/link.txt --verbose=1
/usr/bin/cc.exe    -Wl,--enable-auto-import  CMakeFiles/cmTC_4a4f6.dir/feature_tests.c.o  -o cmTC_4a4f6.exe -Wl,--out-implib,libcmTC_4a4f6.dll.a -Wl,--major-image-version,0,--minor-image-version,0 
make[1]: 离开目录“/d/repositary/MomentPlus/CMakeFiles/CMakeTmp”


    Feature record: C_FEATURE:1c_function_prototypes
    Feature record: C_FEATURE:0c_restrict
    Feature record: C_FEATURE:0c_static_assert
    Feature record: C_FEATURE:0c_variadic_macros
Determining if the CXX compiler works passed with the following output:
Change Dir: /d/repositary/MomentPlus/CMakeFiles/CMakeTmp

Run Build Command:"/usr/bin/make.exe" "cmTC_5d216/fast"
/usr/bin/make -f CMakeFiles/cmTC_5d216.dir/build.make CMakeFiles/cmTC_5d216.dir/build
make[1]: 进入目录“/d/repositary/MomentPlus/CMakeFiles/CMakeTmp”
Building CXX object CMakeFiles/cmTC_5d216.dir/testCXXCompiler.cxx.o
/usr/bin/c++.exe     -o CMakeFiles/cmTC_5d216.dir/testCXXCompiler.cxx.o -c /d/repositary/MomentPlus/CMakeFiles/CMakeTmp/testCXXCompiler.cxx
Linking CXX executable cmTC_5d216.exe
/usr/bin/cmake.exe -E cmake_link_script CMakeFiles/cmTC_5d216.dir/link.txt --verbose=1
/usr/bin/c++.exe    -Wl,--enable-auto-import  CMakeFiles/cmTC_5d216.dir/testCXXCompiler.cxx.o  -o cmTC_5d216.exe -Wl,--out-implib,libcmTC_5d216.dll.a -Wl,--major-image-version,0,--minor-image-version,0 
make[1]: 离开目录“/d/repositary/MomentPlus/CMakeFiles/CMakeTmp”


Detecting CXX compiler ABI info compiled with the following output:
Change Dir: /d/repositary/MomentPlus/CMakeFiles/CMakeTmp

Run Build Command:"/usr/bin/make.exe" "cmTC_85768/fast"
/usr/bin/make -f CMakeFiles/cmTC_85768.dir/build.make CMakeFiles/cmTC_85768.dir/build
make[1]: 进入目录“/d/repositary/MomentPlus/CMakeFiles/CMakeTmp”
Building CXX object CMakeFiles/cmTC_85768.dir/CMakeCXXCompilerABI.cpp.o
/usr/bin/c++.exe     -o CMakeFiles/cmTC_85768.dir/CMakeCXXCompilerABI.cpp.o -c /usr/share/cmake-3.13.2/Modules/CMakeCXXCompilerABI.cpp
Linking CXX executable cmTC_85768.exe
/usr/bin/cmake.exe -E cmake_link_script CMakeFiles/cmTC_85768.dir/link.txt --verbose=1
/usr/bin/c++.exe    -Wl,--enable-auto-import -v CMakeFiles/cmTC_85768.dir/CMakeCXXCompilerABI.cpp.o  -o cmTC_85768.exe -Wl,--out-implib,libcmTC_85768.dll.a -Wl,--major-image-version,0,--minor-image-version,0 
使用内建 specs。
COLLECT_GCC=/usr/bin/c++
COLLECT_LTO_WRAPPER=/usr/lib/gcc/x86_64-pc-msys/7.3.0/lto-wrapper.exe
目标：x86_64-pc-msys
配置为：/msys_scripts/gcc/src/gcc-7.3.0/configure --build=x86_64-pc-msys --prefix=/usr --libexecdir=/usr/lib --enable-bootstrap --enable-shared --enable-shared-libgcc --enable-static --enable-version-specific-runtime-libs --with-arch=x86-64 --with-tune=generic --disable-multilib --enable-__cxa_atexit --with-dwarf2 --enable-languages=c,c++,fortran,lto --enable-graphite --enable-threads=posix --enable-libatomic --enable-libcilkrts --enable-libgomp --enable-libitm --enable-libquadmath --enable-libquadmath-support --disable-libssp --disable-win32-registry --disable-symvers --with-gnu-ld --with-gnu-as --disable-isl-version-check --enable-checking=release --without-libiconv-prefix --without-libintl-prefix --with-system-zlib --enable-linker-build-id --with-default-libstdcxx-abi=gcc4-compatible
线程模型：posix
gcc 版本 7.3.0 (GCC) 
COMPILER_PATH=/usr/lib/gcc/x86_64-pc-msys/7.3.0/:/usr/lib/gcc/x86_64-pc-msys/7.3.0/:/usr/lib/gcc/x86_64-pc-msys/:/usr/lib/gcc/x86_64-pc-msys/7.3.0/:/usr/lib/gcc/x86_64-pc-msys/:/usr/lib/gcc/x86_64-pc-msys/7.3.0/../../../../x86_64-pc-msys/bin/
LIBRARY_PATH=/usr/lib/gcc/x86_64-pc-msys/7.3.0/:/usr/lib/gcc/x86_64-pc-msys/7.3.0/../../../../x86_64-pc-msys/lib/../lib/:/usr/lib/../lib/:/usr/lib/gcc/x86_64-pc-msys/7.3.0/../../../../x86_64-pc-msys/lib/:/usr/lib/:/usr/lib/w32api/
COLLECT_GCC_OPTIONS='-v' '-o' 'cmTC_85768.exe' '-shared-libgcc' '-mtune=generic' '-march=x86-64'
 /usr/lib/gcc/x86_64-pc-msys/7.3.0/collect2.exe -plugin /usr/lib/gcc/x86_64-pc-msys/7.3.0/msys-lto_plugin.dll -plugin-opt=/usr/lib/gcc/x86_64-pc-msys/7.3.0/lto-wrapper.exe -plugin-opt=-fresolution=/tmp/cchJtnnu.res -plugin-opt=-pass-through=-lgcc_s -plugin-opt=-pass-through=-lgcc -plugin-opt=-pass-through=-lmsys-2.0 -plugin-opt=-pass-through=-ladvapi32 -plugin-opt=-pass-through=-lshell32 -plugin-opt=-pass-through=-luser32 -plugin-opt=-pass-through=-lkernel32 -plugin-opt=-pass-through=-lgcc_s -plugin-opt=-pass-through=-lgcc --build-id -m i386pep --wrap _Znwm --wrap _Znam --wrap _ZdlPv --wrap _ZdaPv --wrap _ZnwmRKSt9nothrow_t --wrap _ZnamRKSt9nothrow_t --wrap _ZdlPvRKSt9nothrow_t --wrap _ZdaPvRKSt9nothrow_t -Bdynamic --dll-search-prefix=msys- --tsaware -o cmTC_85768.exe /usr/lib/../lib/crt0.o /usr/lib/gcc/x86_64-pc-msys/7.3.0/crtbegin.o -L/usr/lib/gcc/x86_64-pc-msys/7.3.0 -L/usr/lib/gcc/x86_64-pc-msys/7.3.0/../../../../x86_64-pc-msys/lib/../lib -L/usr/lib/../lib -L/usr/lib/gcc/x86_64-pc-msys/7.3.0/../../../../x86_64-pc-msys/lib -L/usr/lib/w32api --enable-auto-import CMakeFiles/cmTC_85768.dir/CMakeCXXCompilerABI.cpp.o --out-implib libcmTC_85768.dll.a --major-image-version 0 --minor-image-version 0 -lstdc++ -lgcc_s --undefined=___deregister_frame_info --undefined=___register_frame_info -lgcc -lmsys-2.0 -ladvapi32 -lshell32 -luser32 -lkernel32 -lgcc_s --undefined=___deregister_frame_info --undefined=___register_frame_info -lgcc /usr/lib/../lib/default-manifest.o /usr/lib/gcc/x86_64-pc-msys/7.3.0/crtend.o
COLLECT_GCC_OPTIONS='-v' '-o' 'cmTC_85768.exe' '-shared-libgcc' '-mtune=generic' '-march=x86-64'
make[1]: 离开目录“/d/repositary/MomentPlus/CMakeFiles/CMakeTmp”


Parsed CXX implicit link information from above output:
  link line regex: [^( *|.*[/\])(ld\.exe|CMAKE_LINK_STARTFILE-NOTFOUND|([^/\]+-)?ld|collect2)[^/\]*( |$)]
  ignore line: [Change Dir: /d/repositary/MomentPlus/CMakeFiles/CMakeTmp]
  ignore line: []
  ignore line: [Run Build Command:"/usr/bin/make.exe" "cmTC_85768/fast"]
  ignore line: [/usr/bin/make -f CMakeFiles/cmTC_85768.dir/build.make CMakeFiles/cmTC_85768.dir/build]
  ignore line: [make[1]: 进入目录“/d/repositary/MomentPlus/CMakeFiles/CMakeTmp”]
  ignore line: [Building CXX object CMakeFiles/cmTC_85768.dir/CMakeCXXCompilerABI.cpp.o]
  ignore line: [/usr/bin/c++.exe     -o CMakeFiles/cmTC_85768.dir/CMakeCXXCompilerABI.cpp.o -c /usr/share/cmake-3.13.2/Modules/CMakeCXXCompilerABI.cpp]
  ignore line: [Linking CXX executable cmTC_85768.exe]
  ignore line: [/usr/bin/cmake.exe -E cmake_link_script CMakeFiles/cmTC_85768.dir/link.txt --verbose=1]
  ignore line: [/usr/bin/c++.exe    -Wl,--enable-auto-import -v CMakeFiles/cmTC_85768.dir/CMakeCXXCompilerABI.cpp.o  -o cmTC_85768.exe -Wl,--out-implib,libcmTC_85768.dll.a -Wl,--major-image-version,0,--minor-image-version,0 ]
  ignore line: [使用内建 specs。]
  ignore line: [COLLECT_GCC=/usr/bin/c++]
  ignore line: [COLLECT_LTO_WRAPPER=/usr/lib/gcc/x86_64-pc-msys/7.3.0/lto-wrapper.exe]
  ignore line: [目标：x86_64-pc-msys]
  ignore line: [配置为：/msys_scripts/gcc/src/gcc-7.3.0/configure --build=x86_64-pc-msys --prefix=/usr --libexecdir=/usr/lib --enable-bootstrap --enable-shared --enable-shared-libgcc --enable-static --enable-version-specific-runtime-libs --with-arch=x86-64 --with-tune=generic --disable-multilib --enable-__cxa_atexit --with-dwarf2 --enable-languages=c,c++,fortran,lto --enable-graphite --enable-threads=posix --enable-libatomic --enable-libcilkrts --enable-libgomp --enable-libitm --enable-libquadmath --enable-libquadmath-support --disable-libssp --disable-win32-registry --disable-symvers --with-gnu-ld --with-gnu-as --disable-isl-version-check --enable-checking=release --without-libiconv-prefix --without-libintl-prefix --with-system-zlib --enable-linker-build-id --with-default-libstdcxx-abi=gcc4-compatible]
  ignore line: [线程模型：posix]
  ignore line: [gcc 版本 7.3.0 (GCC) ]
  ignore line: [COMPILER_PATH=/usr/lib/gcc/x86_64-pc-msys/7.3.0/:/usr/lib/gcc/x86_64-pc-msys/7.3.0/:/usr/lib/gcc/x86_64-pc-msys/:/usr/lib/gcc/x86_64-pc-msys/7.3.0/:/usr/lib/gcc/x86_64-pc-msys/:/usr/lib/gcc/x86_64-pc-msys/7.3.0/../../../../x86_64-pc-msys/bin/]
  ignore line: [LIBRARY_PATH=/usr/lib/gcc/x86_64-pc-msys/7.3.0/:/usr/lib/gcc/x86_64-pc-msys/7.3.0/../../../../x86_64-pc-msys/lib/../lib/:/usr/lib/../lib/:/usr/lib/gcc/x86_64-pc-msys/7.3.0/../../../../x86_64-pc-msys/lib/:/usr/lib/:/usr/lib/w32api/]
  ignore line: [COLLECT_GCC_OPTIONS='-v' '-o' 'cmTC_85768.exe' '-shared-libgcc' '-mtune=generic' '-march=x86-64']
  link line: [ /usr/lib/gcc/x86_64-pc-msys/7.3.0/collect2.exe -plugin /usr/lib/gcc/x86_64-pc-msys/7.3.0/msys-lto_plugin.dll -plugin-opt=/usr/lib/gcc/x86_64-pc-msys/7.3.0/lto-wrapper.exe -plugin-opt=-fresolution=/tmp/cchJtnnu.res -plugin-opt=-pass-through=-lgcc_s -plugin-opt=-pass-through=-lgcc -plugin-opt=-pass-through=-lmsys-2.0 -plugin-opt=-pass-through=-ladvapi32 -plugin-opt=-pass-through=-lshell32 -plugin-opt=-pass-through=-luser32 -plugin-opt=-pass-through=-lkernel32 -plugin-opt=-pass-through=-lgcc_s -plugin-opt=-pass-through=-lgcc --build-id -m i386pep --wrap _Znwm --wrap _Znam --wrap _ZdlPv --wrap _ZdaPv --wrap _ZnwmRKSt9nothrow_t --wrap _ZnamRKSt9nothrow_t --wrap _ZdlPvRKSt9nothrow_t --wrap _ZdaPvRKSt9nothrow_t -Bdynamic --dll-search-prefix=msys- --tsaware -o cmTC_85768.exe /usr/lib/../lib/crt0.o /usr/lib/gcc/x86_64-pc-msys/7.3.0/crtbegin.o -L/usr/lib/gcc/x86_64-pc-msys/7.3.0 -L/usr/lib/gcc/x86_64-pc-msys/7.3.0/../../../../x86_64-pc-msys/lib/../lib -L/usr/lib/../lib -L/usr/lib/gcc/x86_64-pc-msys/7.3.0/../../../../x86_64-pc-msys/lib -L/usr/lib/w32api --enable-auto-import CMakeFiles/cmTC_85768.dir/CMakeCXXCompilerABI.cpp.o --out-implib libcmTC_85768.dll.a --major-image-version 0 --minor-image-version 0 -lstdc++ -lgcc_s --undefined=___deregister_frame_info --undefined=___register_frame_info -lgcc -lmsys-2.0 -ladvapi32 -lshell32 -luser32 -lkernel32 -lgcc_s --undefined=___deregister_frame_info --undefined=___register_frame_info -lgcc /usr/lib/../lib/default-manifest.o /usr/lib/gcc/x86_64-pc-msys/7.3.0/crtend.o]
    arg [/usr/lib/gcc/x86_64-pc-msys/7.3.0/collect2.exe] ==> ignore
    arg [-plugin] ==> ignore
    arg [/usr/lib/gcc/x86_64-pc-msys/7.3.0/msys-lto_plugin.dll] ==> ignore
    arg [-plugin-opt=/usr/lib/gcc/x86_64-pc-msys/7.3.0/lto-wrapper.exe] ==> ignore
    arg [-plugin-opt=-fresolution=/tmp/cchJtnnu.res] ==> ignore
    arg [-plugin-opt=-pass-through=-lgcc_s] ==> ignore
    arg [-plugin-opt=-pass-through=-lgcc] ==> ignore
    arg [-plugin-opt=-pass-through=-lmsys-2.0] ==> ignore
    arg [-plugin-opt=-pass-through=-ladvapi32] ==> ignore
    arg [-plugin-opt=-pass-through=-lshell32] ==> ignore
    arg [-plugin-opt=-pass-through=-luser32] ==> ignore
    arg [-plugin-opt=-pass-through=-lkernel32] ==> ignore
    arg [-plugin-opt=-pass-through=-lgcc_s] ==> ignore
    arg [-plugin-opt=-pass-through=-lgcc] ==> ignore
    arg [--build-id] ==> ignore
    arg [-m] ==> ignore
    arg [i386pep] ==> ignore
    arg [--wrap] ==> ignore
    arg [_Znwm] ==> ignore
    arg [--wrap] ==> ignore
    arg [_Znam] ==> ignore
    arg [--wrap] ==> ignore
    arg [_ZdlPv] ==> ignore
    arg [--wrap] ==> ignore
    arg [_ZdaPv] ==> ignore
    arg [--wrap] ==> ignore
    arg [_ZnwmRKSt9nothrow_t] ==> ignore
    arg [--wrap] ==> ignore
    arg [_ZnamRKSt9nothrow_t] ==> ignore
    arg [--wrap] ==> ignore
    arg [_ZdlPvRKSt9nothrow_t] ==> ignore
    arg [--wrap] ==> ignore
    arg [_ZdaPvRKSt9nothrow_t] ==> ignore
    arg [-Bdynamic] ==> ignore
    arg [--dll-search-prefix=msys-] ==> ignore
    arg [--tsaware] ==> ignore
    arg [-o] ==> ignore
    arg [cmTC_85768.exe] ==> ignore
    arg [/usr/lib/../lib/crt0.o] ==> ignore
    arg [/usr/lib/gcc/x86_64-pc-msys/7.3.0/crtbegin.o] ==> ignore
    arg [-L/usr/lib/gcc/x86_64-pc-msys/7.3.0] ==> dir [/usr/lib/gcc/x86_64-pc-msys/7.3.0]
    arg [-L/usr/lib/gcc/x86_64-pc-msys/7.3.0/../../../../x86_64-pc-msys/lib/../lib] ==> dir [/usr/lib/gcc/x86_64-pc-msys/7.3.0/../../../../x86_64-pc-msys/lib/../lib]
    arg [-L/usr/lib/../lib] ==> dir [/usr/lib/../lib]
    arg [-L/usr/lib/gcc/x86_64-pc-msys/7.3.0/../../../../x86_64-pc-msys/lib] ==> dir [/usr/lib/gcc/x86_64-pc-msys/7.3.0/../../../../x86_64-pc-msys/lib]
    arg [-L/usr/lib/w32api] ==> dir [/usr/lib/w32api]
    arg [--enable-auto-import] ==> ignore
    arg [CMakeFiles/cmTC_85768.dir/CMakeCXXCompilerABI.cpp.o] ==> ignore
    arg [--out-implib] ==> ignore
    arg [libcmTC_85768.dll.a] ==> ignore
    arg [--major-image-version] ==> ignore
    arg [0] ==> ignore
    arg [--minor-image-version] ==> ignore
    arg [0] ==> ignore
    arg [-lstdc++] ==> lib [stdc++]
    arg [-lgcc_s] ==> lib [gcc_s]
    arg [--undefined=___deregister_frame_info] ==> ignore
    arg [--undefined=___register_frame_info] ==> ignore
    arg [-lgcc] ==> lib [gcc]
    arg [-lmsys-2.0] ==> lib [msys-2.0]
    arg [-ladvapi32] ==> lib [advapi32]
    arg [-lshell32] ==> lib [shell32]
    arg [-luser32] ==> lib [user32]
    arg [-lkernel32] ==> lib [kernel32]
    arg [-lgcc_s] ==> lib [gcc_s]
    arg [--undefined=___deregister_frame_info] ==> ignore
    arg [--undefined=___register_frame_info] ==> ignore
    arg [-lgcc] ==> lib [gcc]
    arg [/usr/lib/../lib/default-manifest.o] ==> ignore
    arg [/usr/lib/gcc/x86_64-pc-msys/7.3.0/crtend.o] ==> ignore
  collapse library dir [/usr/lib/gcc/x86_64-pc-msys/7.3.0] ==> [/usr/lib/gcc/x86_64-pc-msys/7.3.0]
  collapse library dir [/usr/lib/gcc/x86_64-pc-msys/7.3.0/../../../../x86_64-pc-msys/lib/../lib] ==> [/usr/x86_64-pc-msys/lib]
  collapse library dir [/usr/lib/../lib] ==> [/usr/lib]
  collapse library dir [/usr/lib/gcc/x86_64-pc-msys/7.3.0/../../../../x86_64-pc-msys/lib] ==> [/usr/x86_64-pc-msys/lib]
  collapse library dir [/usr/lib/w32api] ==> [/usr/lib/w32api]
  implicit libs: [stdc++;gcc_s;gcc;msys-2.0;advapi32;shell32;user32;kernel32;gcc_s;gcc]
  implicit dirs: [/usr/lib/gcc/x86_64-pc-msys/7.3.0;/usr/x86_64-pc-msys/lib;/usr/lib;/usr/lib/w32api]
  implicit fwks: []




Detecting CXX [-std=c++1z] compiler features compiled with the following output:
Change Dir: /d/repositary/MomentPlus/CMakeFiles/CMakeTmp

Run Build Command:"/usr/bin/make.exe" "cmTC_1badf/fast"
/usr/bin/make -f CMakeFiles/cmTC_1badf.dir/build.make CMakeFiles/cmTC_1badf.dir/build
make[1]: 进入目录“/d/repositary/MomentPlus/CMakeFiles/CMakeTmp”
Building CXX object CMakeFiles/cmTC_1badf.dir/feature_tests.cxx.o
/usr/bin/c++.exe    -std=c++1z -o CMakeFiles/cmTC_1badf.dir/feature_tests.cxx.o -c /d/repositary/MomentPlus/CMakeFiles/feature_tests.cxx
Linking CXX executable cmTC_1badf.exe
/usr/bin/cmake.exe -E cmake_link_script CMakeFiles/cmTC_1badf.dir/link.txt --verbose=1
/usr/bin/c++.exe    -Wl,--enable-auto-import  CMakeFiles/cmTC_1badf.dir/feature_tests.cxx.o  -o cmTC_1badf.exe -Wl,--out-implib,libcmTC_1badf.dll.a -Wl,--major-image-version,0,--minor-image-version,0 
make[1]: 离开目录“/d/repositary/MomentPlus/CMakeFiles/CMakeTmp”


    Feature record: CXX_FEATURE:1cxx_aggregate_default_initializers
    Feature record: CXX_FEATURE:1cxx_alias_templates
    Feature record: CXX_FEATURE:1cxx_alignas
    Feature record: CXX_FEATURE:1cxx_alignof
    Feature record: CXX_FEATURE:1cxx_attributes
    Feature record: CXX_FEATURE:1cxx_attribute_deprecated
    Feature record: CXX_FEATURE:1cxx_auto_type
    Feature record: CXX_FEATURE:1cxx_binary_literals
    Feature record: CXX_FEATURE:1cxx_constexpr
    Feature record: CXX_FEATURE:1cxx_contextual_conversions
    Feature record: CXX_FEATURE:1cxx_decltype
    Feature record: CXX_FEATURE:1cxx_decltype_auto
    Feature record: CXX_FEATURE:1cxx_decltype_incomplete_return_types
    Feature record: CXX_FEATURE:1cxx_default_function_template_args
    Feature record: CXX_FEATURE:1cxx_defaulted_functions
    Feature record: CXX_FEATURE:1cxx_defaulted_move_initializers
    Feature record: CXX_FEATURE:1cxx_delegating_constructors
    Feature record: CXX_FEATURE:1cxx_deleted_functions
    Feature record: CXX_FEATURE:1cxx_digit_separators
    Feature record: CXX_FEATURE:1cxx_enum_forward_declarations
    Feature record: CXX_FEATURE:1cxx_explicit_conversions
    Feature record: CXX_FEATURE:1cxx_extended_friend_declarations
    Feature record: CXX_FEATURE:1cxx_extern_templates
    Feature record: CXX_FEATURE:1cxx_final
    Feature record: CXX_FEATURE:1cxx_func_identifier
    Feature record: CXX_FEATURE:1cxx_generalized_initializers
    Feature record: CXX_FEATURE:1cxx_generic_lambdas
    Feature record: CXX_FEATURE:1cxx_inheriting_constructors
    Feature record: CXX_FEATURE:1cxx_inline_namespaces
    Feature record: CXX_FEATURE:1cxx_lambdas
    Feature record: CXX_FEATURE:1cxx_lambda_init_captures
    Feature record: CXX_FEATURE:1cxx_local_type_template_args
    Feature record: CXX_FEATURE:1cxx_long_long_type
    Feature record: CXX_FEATURE:1cxx_noexcept
    Feature record: CXX_FEATURE:1cxx_nonstatic_member_init
    Feature record: CXX_FEATURE:1cxx_nullptr
    Feature record: CXX_FEATURE:1cxx_override
    Feature record: CXX_FEATURE:1cxx_range_for
    Feature record: CXX_FEATURE:1cxx_raw_string_literals
    Feature record: CXX_FEATURE:1cxx_reference_qualified_functions
    Feature record: CXX_FEATURE:1cxx_relaxed_constexpr
    Feature record: CXX_FEATURE:1cxx_return_type_deduction
    Feature record: CXX_FEATURE:1cxx_right_angle_brackets
    Feature record: CXX_FEATURE:1cxx_rvalue_references
    Feature record: CXX_FEATURE:1cxx_sizeof_member
    Feature record: CXX_FEATURE:1cxx_static_assert
    Feature record: CXX_FEATURE:1cxx_strong_enums
    Feature record: CXX_FEATURE:1cxx_template_template_parameters
    Feature record: CXX_FEATURE:1cxx_thread_local
    Feature record: CXX_FEATURE:1cxx_trailing_return_types
    Feature record: CXX_FEATURE:1cxx_unicode_literals
    Feature record: CXX_FEATURE:1cxx_uniform_initialization
    Feature record: CXX_FEATURE:1cxx_unrestricted_unions
    Feature record: CXX_FEATURE:1cxx_user_literals
    Feature record: CXX_FEATURE:1cxx_variable_templates
    Feature record: CXX_FEATURE:1cxx_variadic_macros
    Feature record: CXX_FEATURE:1cxx_variadic_templates


Detecting CXX [-std=c++14] compiler features compiled with the following output:
Change Dir: /d/repositary/MomentPlus/CMakeFiles/CMakeTmp

Run Build Command:"/usr/bin/make.exe" "cmTC_06b9a/fast"
/usr/bin/make -f CMakeFiles/cmTC_06b9a.dir/build.make CMakeFiles/cmTC_06b9a.dir/build
make[1]: 进入目录“/d/repositary/MomentPlus/CMakeFiles/CMakeTmp”
Building CXX object CMakeFiles/cmTC_06b9a.dir/feature_tests.cxx.o
/usr/bin/c++.exe    -std=c++14 -o CMakeFiles/cmTC_06b9a.dir/feature_tests.cxx.o -c /d/repositary/MomentPlus/CMakeFiles/feature_tests.cxx
Linking CXX executable cmTC_06b9a.exe
/usr/bin/cmake.exe -E cmake_link_script CMakeFiles/cmTC_06b9a.dir/link.txt --verbose=1
/usr/bin/c++.exe    -Wl,--enable-auto-import  CMakeFiles/cmTC_06b9a.dir/feature_tests.cxx.o  -o cmTC_06b9a.exe -Wl,--out-implib,libcmTC_06b9a.dll.a -Wl,--major-image-version,0,--minor-image-version,0 
make[1]: 离开目录“/d/repositary/MomentPlus/CMakeFiles/CMakeTmp”


    Feature record: CXX_FEATURE:1cxx_aggregate_default_initializers
    Feature record: CXX_FEATURE:1cxx_alias_templates
    Feature record: CXX_FEATURE:1cxx_alignas
    Feature record: CXX_FEATURE:1cxx_alignof
    Feature record: CXX_FEATURE:1cxx_attributes
    Feature record: CXX_FEATURE:1cxx_attribute_deprecated
    Feature record: CXX_FEATURE:1cxx_auto_type
    Feature record: CXX_FEATURE:1cxx_binary_literals
    Feature record: CXX_FEATURE:1cxx_constexpr
    Feature record: CXX_FEATURE:1cxx_contextual_conversions
    Feature record: CXX_FEATURE:1cxx_decltype
    Feature record: CXX_FEATURE:1cxx_decltype_auto
    Feature record: CXX_FEATURE:1cxx_decltype_incomplete_return_types
    Feature record: CXX_FEATURE:1cxx_default_function_template_args
    Feature record: CXX_FEATURE:1cxx_defaulted_functions
    Feature record: CXX_FEATURE:1cxx_defaulted_move_initializers
    Feature record: CXX_FEATURE:1cxx_delegating_constructors
    Feature record: CXX_FEATURE:1cxx_deleted_functions
    Feature record: CXX_FEATURE:1cxx_digit_separators
    Feature record: CXX_FEATURE:1cxx_enum_forward_declarations
    Feature record: CXX_FEATURE:1cxx_explicit_conversions
    Feature record: CXX_FEATURE:1cxx_extended_friend_declarations
    Feature record: CXX_FEATURE:1cxx_extern_templates
    Feature record: CXX_FEATURE:1cxx_final
    Feature record: CXX_FEATURE:1cxx_func_identifier
    Feature record: CXX_FEATURE:1cxx_generalized_initializers
    Feature record: CXX_FEATURE:1cxx_generic_lambdas
    Feature record: CXX_FEATURE:1cxx_inheriting_constructors
    Feature record: CXX_FEATURE:1cxx_inline_namespaces
    Feature record: CXX_FEATURE:1cxx_lambdas
    Feature record: CXX_FEATURE:1cxx_lambda_init_captures
    Feature record: CXX_FEATURE:1cxx_local_type_template_args
    Feature record: CXX_FEATURE:1cxx_long_long_type
    Feature record: CXX_FEATURE:1cxx_noexcept
    Feature record: CXX_FEATURE:1cxx_nonstatic_member_init
    Feature record: CXX_FEATURE:1cxx_nullptr
    Feature record: CXX_FEATURE:1cxx_override
    Feature record: CXX_FEATURE:1cxx_range_for
    Feature record: CXX_FEATURE:1cxx_raw_string_literals
    Feature record: CXX_FEATURE:1cxx_reference_qualified_functions
    Feature record: CXX_FEATURE:1cxx_relaxed_constexpr
    Feature record: CXX_FEATURE:1cxx_return_type_deduction
    Feature record: CXX_FEATURE:1cxx_right_angle_brackets
    Feature record: CXX_FEATURE:1cxx_rvalue_references
    Feature record: CXX_FEATURE:1cxx_sizeof_member
    Feature record: CXX_FEATURE:1cxx_static_assert
    Feature record: CXX_FEATURE:1cxx_strong_enums
    Feature record: CXX_FEATURE:1cxx_template_template_parameters
    Feature record: CXX_FEATURE:1cxx_thread_local
    Feature record: CXX_FEATURE:1cxx_trailing_return_types
    Feature record: CXX_FEATURE:1cxx_unicode_literals
    Feature record: CXX_FEATURE:1cxx_uniform_initialization
    Feature record: CXX_FEATURE:1cxx_unrestricted_unions
    Feature record: CXX_FEATURE:1cxx_user_literals
    Feature record: CXX_FEATURE:1cxx_variable_templates
    Feature record: CXX_FEATURE:1cxx_variadic_macros
    Feature record: CXX_FEATURE:1cxx_variadic_templates


Detecting CXX [-std=c++11] compiler features compiled with the following output:
Change Dir: /d/repositary/MomentPlus/CMakeFiles/CMakeTmp

Run Build Command:"/usr/bin/make.exe" "cmTC_91d20/fast"
/usr/bin/make -f CMakeFiles/cmTC_91d20.dir/build.make CMakeFiles/cmTC_91d20.dir/build
make[1]: 进入目录“/d/repositary/MomentPlus/CMakeFiles/CMakeTmp”
Building CXX object CMakeFiles/cmTC_91d20.dir/feature_tests.cxx.o
/usr/bin/c++.exe    -std=c++11 -o CMakeFiles/cmTC_91d20.dir/feature_tests.cxx.o -c /d/repositary/MomentPlus/CMakeFiles/feature_tests.cxx
Linking CXX executable cmTC_91d20.exe
/usr/bin/cmake.exe -E cmake_link_script CMakeFiles/cmTC_91d20.dir/link.txt --verbose=1
/usr/bin/c++.exe    -Wl,--enable-auto-import  CMakeFiles/cmTC_91d20.dir/feature_tests.cxx.o  -o cmTC_91d20.exe -Wl,--out-implib,libcmTC_91d20.dll.a -Wl,--major-image-version,0,--minor-image-version,0 
make[1]: 离开目录“/d/repositary/MomentPlus/CMakeFiles/CMakeTmp”


    Feature record: CXX_FEATURE:0cxx_aggregate_default_initializers
    Feature record: CXX_FEATURE:1cxx_alias_templates
    Feature record: CXX_FEATURE:1cxx_alignas
    Feature record: CXX_FEATURE:1cxx_alignof
    Feature record: CXX_FEATURE:1cxx_attributes
    Feature record: CXX_FEATURE:0cxx_attribute_deprecated
    Feature record: CXX_FEATURE:1cxx_auto_type
    Feature record: CXX_FEATURE:0cxx_binary_literals
    Feature record: CXX_FEATURE:1cxx_constexpr
    Feature record: CXX_FEATURE:0cxx_contextual_conversions
    Feature record: CXX_FEATURE:1cxx_decltype
    Feature record: CXX_FEATURE:0cxx_decltype_auto
    Feature record: CXX_FEATURE:1cxx_decltype_incomplete_return_types
    Feature record: CXX_FEATURE:1cxx_default_function_template_args
    Feature record: CXX_FEATURE:1cxx_defaulted_functions
    Feature record: CXX_FEATURE:1cxx_defaulted_move_initializers
    Feature record: CXX_FEATURE:1cxx_delegating_constructors
    Feature record: CXX_FEATURE:1cxx_deleted_functions
    Feature record: CXX_FEATURE:0cxx_digit_separators
    Feature record: CXX_FEATURE:1cxx_enum_forward_declarations
    Feature record: CXX_FEATURE:1cxx_explicit_conversions
    Feature record: CXX_FEATURE:1cxx_extended_friend_declarations
    Feature record: CXX_FEATURE:1cxx_extern_templates
    Feature record: CXX_FEATURE:1cxx_final
    Feature record: CXX_FEATURE:1cxx_func_identifier
    Feature record: CXX_FEATURE:1cxx_generalized_initializers
    Feature record: CXX_FEATURE:0cxx_generic_lambdas
    Feature record: CXX_FEATURE:1cxx_inheriting_constructors
    Feature record: CXX_FEATURE:1cxx_inline_namespaces
    Feature record: CXX_FEATURE:1cxx_lambdas
    Feature record: CXX_FEATURE:0cxx_lambda_init_captures
    Feature record: CXX_FEATURE:1cxx_local_type_template_args
    Feature record: CXX_FEATURE:1cxx_long_long_type
    Feature record: CXX_FEATURE:1cxx_noexcept
    Feature record: CXX_FEATURE:1cxx_nonstatic_member_init
    Feature record: CXX_FEATURE:1cxx_nullptr
    Feature record: CXX_FEATURE:1cxx_override
    Feature record: CXX_FEATURE:1cxx_range_for
    Feature record: CXX_FEATURE:1cxx_raw_string_literals
    Feature record: CXX_FEATURE:1cxx_reference_qualified_functions
    Feature record: CXX_FEATURE:0cxx_relaxed_constexpr
    Feature record: CXX_FEATURE:0cxx_return_type_deduction
    Feature record: CXX_FEATURE:1cxx_right_angle_brackets
    Feature record: CXX_FEATURE:1cxx_rvalue_references
    Feature record: CXX_FEATURE:1cxx_sizeof_member
    Feature record: CXX_FEATURE:1cxx_static_assert
    Feature record: CXX_FEATURE:1cxx_strong_enums
    Feature record: CXX_FEATURE:1cxx_template_template_parameters
    Feature record: CXX_FEATURE:1cxx_thread_local
    Feature record: CXX_FEATURE:1cxx_trailing_return_types
    Feature record: CXX_FEATURE:1cxx_unicode_literals
    Feature record: CXX_FEATURE:1cxx_uniform_initialization
    Feature record: CXX_FEATURE:1cxx_unrestricted_unions
    Feature record: CXX_FEATURE:1cxx_user_literals
    Feature record: CXX_FEATURE:0cxx_variable_templates
    Feature record: CXX_FEATURE:1cxx_variadic_macros
    Feature record: CXX_FEATURE:1cxx_variadic_templates


Detecting CXX [-std=c++98] compiler features compiled with the following output:
Change Dir: /d/repositary/MomentPlus/CMakeFiles/CMakeTmp

Run Build Command:"/usr/bin/make.exe" "cmTC_583cd/fast"
/usr/bin/make -f CMakeFiles/cmTC_583cd.dir/build.make CMakeFiles/cmTC_583cd.dir/build
make[1]: 进入目录“/d/repositary/MomentPlus/CMakeFiles/CMakeTmp”
Building CXX object CMakeFiles/cmTC_583cd.dir/feature_tests.cxx.o
/usr/bin/c++.exe    -std=c++98 -o CMakeFiles/cmTC_583cd.dir/feature_tests.cxx.o -c /d/repositary/MomentPlus/CMakeFiles/feature_tests.cxx
Linking CXX executable cmTC_583cd.exe
/usr/bin/cmake.exe -E cmake_link_script CMakeFiles/cmTC_583cd.dir/link.txt --verbose=1
/usr/bin/c++.exe    -Wl,--enable-auto-import  CMakeFiles/cmTC_583cd.dir/feature_tests.cxx.o  -o cmTC_583cd.exe -Wl,--out-implib,libcmTC_583cd.dll.a -Wl,--major-image-version,0,--minor-image-version,0 
make[1]: 离开目录“/d/repositary/MomentPlus/CMakeFiles/CMakeTmp”


    Feature record: CXX_FEATURE:0cxx_aggregate_default_initializers
    Feature record: CXX_FEATURE:0cxx_alias_templates
    Feature record: CXX_FEATURE:0cxx_alignas
    Feature record: CXX_FEATURE:0cxx_alignof
    Feature record: CXX_FEATURE:0cxx_attributes
    Feature record: CXX_FEATURE:0cxx_attribute_deprecated
    Feature record: CXX_FEATURE:0cxx_auto_type
    Feature record: CXX_FEATURE:0cxx_binary_literals
    Feature record: CXX_FEATURE:0cxx_constexpr
    Feature record: CXX_FEATURE:0cxx_contextual_conversions
    Feature record: CXX_FEATURE:0cxx_decltype
    Feature record: CXX_FEATURE:0cxx_decltype_auto
    Feature record: CXX_FEATURE:0cxx_decltype_incomplete_return_types
    Feature record: CXX_FEATURE:0cxx_default_function_template_args
    Feature record: CXX_FEATURE:0cxx_defaulted_functions
    Feature record: CXX_FEATURE:0cxx_defaulted_move_initializers
    Feature record: CXX_FEATURE:0cxx_delegating_constructors
    Feature record: CXX_FEATURE:0cxx_deleted_functions
    Feature record: CXX_FEATURE:0cxx_digit_separators
    Feature record: CXX_FEATURE:0cxx_enum_forward_declarations
    Feature record: CXX_FEATURE:0cxx_explicit_conversions
    Feature record: CXX_FEATURE:0cxx_extended_friend_declarations
    Feature record: CXX_FEATURE:0cxx_extern_templates
    Feature record: CXX_FEATURE:0cxx_final
    Feature record: CXX_FEATURE:0cxx_func_identifier
    Feature record: CXX_FEATURE:0cxx_generalized_initializers
    Feature record: CXX_FEATURE:0cxx_generic_lambdas
    Feature record: CXX_FEATURE:0cxx_inheriting_constructors
    Feature record: CXX_FEATURE:0cxx_inline_namespaces
    Feature record: CXX_FEATURE:0cxx_lambdas
    Feature record: CXX_FEATURE:0cxx_lambda_init_captures
    Feature record: CXX_FEATURE:0cxx_local_type_template_args
    Feature record: CXX_FEATURE:0cxx_long_long_type
    Feature record: CXX_FEATURE:0cxx_noexcept
    Feature record: CXX_FEATURE:0cxx_nonstatic_member_init
    Feature record: CXX_FEATURE:0cxx_nullptr
    Feature record: CXX_FEATURE:0cxx_override
    Feature record: CXX_FEATURE:0cxx_range_for
    Feature record: CXX_FEATURE:0cxx_raw_string_literals
    Feature record: CXX_FEATURE:0cxx_reference_qualified_functions
    Feature record: CXX_FEATURE:0cxx_relaxed_constexpr
    Feature record: CXX_FEATURE:0cxx_return_type_deduction
    Feature record: CXX_FEATURE:0cxx_right_angle_brackets
    Feature record: CXX_FEATURE:0cxx_rvalue_references
    Feature record: CXX_FEATURE:0cxx_sizeof_member
    Feature record: CXX_FEATURE:0cxx_static_assert
    Feature record: CXX_FEATURE:0cxx_strong_enums
    Feature record: CXX_FEATURE:1cxx_template_template_parameters
    Feature record: CXX_FEATURE:0cxx_thread_local
    Feature record: CXX_FEATURE:0cxx_trailing_return_types
    Feature record: CXX_FEATURE:0cxx_unicode_literals
    Feature record: CXX_FEATURE:0cxx_uniform_initialization
    Feature record: CXX_FEATURE:0cxx_unrestricted_unions
    Feature record: CXX_FEATURE:0cxx_user_literals
    Feature record: CXX_FEATURE:0cxx_variable_templates
    Feature record: CXX_FEATURE:0cxx_variadic_macros
    Feature record: CXX_FEATURE:0cxx_variadic_templates
